This is pdfTeX, Version 3.14159265-2.6-1.40.15 (TeX Live 2014) (preloaded format=pdfetex 2014.11.11)  16 JUN 2015 11:08
entering extended mode
 restricted \write18 enabled.
 file:line:error style messages enabled.
 %&-line parsing enabled.
**\input ./MATAA_manual.texi
(./MATAA_manual.texi
(/usr/local/texlive/2014/texmf-dist/tex/texinfo/texinfo.tex
Loading texinfo [version 2014-05-20.16]:
\bindingoffset=\dimen16
\normaloffset=\dimen17
\pagewidth=\dimen18
\pageheight=\dimen19
\outerhsize=\dimen20
\outervsize=\dimen21
\cornerlong=\dimen22
\cornerthick=\dimen23
\topandbottommargin=\dimen24
\headlinebox=\box16
\footlinebox=\box17
\margin=\insert252
\EMsimple=\toks13
\groupbox=\box18
\groupinvalidhelp=\toks14
\mil=\dimen25
\exdentamount=\skip18
\inmarginspacing=\skip19
\centerpenalty=\count27
 pdf,
\tempnum=\count28
\lnkcount=\count29
\filename=\toks15
\filenamelength=\count30
\pgn=\count31
\toksA=\toks16
\toksB=\toks17
\toksC=\toks18
\toksD=\toks19
\boxA=\box19
\countA=\count32
\nopdfimagehelp=\toks20
 fonts,
\sffam=\fam8
\textleading=\dimen26
 markup,
\fontdepth=\count33
 glyphs,
\errorbox=\box20

page headings,
\titlepagetopglue=\skip20
\titlepagebottomglue=\skip21
\evenheadline=\toks21
\oddheadline=\toks22
\evenfootline=\toks23
\oddfootline=\toks24
 tables,
\tableindent=\dimen27
\itemindent=\dimen28
\itemmargin=\dimen29
\itemmax=\dimen30
\itemno=\count34
\multitableparskip=\skip22
\multitableparindent=\skip23
\multitablecolspace=\dimen31
\multitablelinespace=\skip24
\colcount=\count35
\everytab=\toks25
 conditionals,
\doignorecount=\count36
 indexing,
\whatsitskip=\skip25
\whatsitpenalty=\count37
\secondaryindent=\skip26
\partialpage=\box21
\doublecolumnhsize=\dimen32
 sectioning,
\unnumberedno=\count38
\chapno=\count39
\secno=\count40
\subsecno=\count41
\subsubsecno=\count42
\appendixno=\count43
\absseclevel=\count44
\secbase=\count45
\chapheadingskip=\skip27
\secheadingskip=\skip28
\subsecheadingskip=\skip29
 toc,
\tocfile=\write0
\contentsrightmargin=\skip30
\savepageno=\count46
\lastnegativepageno=\count47
\tocindent=\dimen33
 environments,
\lispnarrowing=\skip31
\envskipamount=\skip32
\circthick=\dimen34
\cartouter=\dimen35
\cartinner=\dimen36
\normbskip=\skip33
\normpskip=\skip34
\normlskip=\skip35
\lskip=\skip36
\rskip=\skip37
\nonfillparindent=\dimen37
\tabw=\dimen38
\verbbox=\box22

defuns,
\defbodyindent=\skip38
\defargsindent=\skip39
\deflastargmargin=\skip40
\defunpenalty=\count48
\parencount=\count49
\brackcount=\count50
 macros,
\paramno=\count51
\macname=\toks26
 cross references,
\auxfile=\write1
\savesfregister=\count52
\toprefbox=\box23
\printedrefnamebox=\box24
\infofilenamebox=\box25
\printedmanualbox=\box26
 insertions,
\footnoteno=\count53
\SAVEfootins=\box27
\SAVEmargin=\box28

(/usr/local/texlive/2014/texmf-dist/tex/generic/epsf/epsf.tex
This is `epsf.tex' v2.7.4 <14 February 2011>
\epsffilein=\read1
\epsfframemargin=\dimen39
\epsfframethickness=\dimen40
\epsfrsize=\dimen41
\epsftmp=\dimen42
\epsftsize=\dimen43
\epsfxsize=\dimen44
\epsfysize=\dimen45
\pspoints=\dimen46
)
\noepsfhelp=\toks27
 localization,
\nolanghelp=\toks28
\countUTFx=\count54
\countUTFy=\count55
\countUTFz=\count56
 formatting,
\defaultparindent=\dimen47
 and turning on texinfo input format.)
(./MATAA_manual.aux)
\openout1 = `MATAA_manual.aux'.

@cpindfile=@write2
@fnindfile=@write3
@vrindfile=@write4
@tpindfile=@write5
@kyindfile=@write6
@pgindfile=@write7
 [1
\openout2 = `MATAA_manual.cp'.

\openout3 = `MATAA_manual.fn'.

\openout4 = `MATAA_manual.vr'.

\openout5 = `MATAA_manual.tp'.

\openout6 = `MATAA_manual.ky'.

\openout7 = `MATAA_manual.pg'.

{/usr/local/texlive/2014/texmf-var/fonts/map/pdftex/updmap/pdftex.map}] [2] (./
MATAA_manual.toc [-1] [-2]) [-3] (./MATAA_manual.toc)
(./MATAA_manual.toc)
texinfo.tex: doing @include of MATAA_manual_overview.texi

 (./MATAA_manual_overview.texi Chapter 1
\openout0 = `MATAA_manual.toc'.

 [1])
Underfull \hbox (badness 10000) in paragraph at lines 14--84
[]@textrm To find out more about MATAA, go to the MATAA home-page at

@hbox(7.60416+2.12917)x433.62, glue set 5.12448
.@hbox(0.0+0.0)x15.0
.@textrm T
.@kern-0.91252
.@textrm o
.@glue 3.65 plus 1.825 minus 1.21666
.etc.

texinfo.tex: doing @include of MATAA_manual_installation.texi

(./MATAA_manual_installation.texi Chapter 2 [2] [3]
Missing character: There is no Ê in font cmr10!
Missing character: There is no Ê in font cmr10!
 [4]
@Figurefloatno=@count57
 <./figures/measurement_setup.pdf> [5]
Missing character: There is no Ê in font cmr10!
 [6] l.168: Undefined cross reference `Data calibration-snt'.
l.168: Undefined cross reference `Data calibration-snt'.
l.168: Undefined cross reference `Data calibration-pg'.
l.199: Undefined cross reference `Impedance measurement-snt'.
l.199: Undefined cross reference `Impedance measurement-snt'.
l.199: Undefined cross reference `Impedance measurement-pg'. [7]
Missing character: There is no Ê in font cmr10!
 <./figures/ref_signal_paths.pdf> [8] [9] <./figures/jack.pdf> <./figures/mac_o
s_x_audio_settings.pdf> [10] [11]
Underfull \hbox (badness 10000) in paragraph at lines 319--323
 []@texttt gcc -lrt -lasound -lpthread -o TestDevicesPA19 TestDevicesPA19.c

@hbox(6.69167+2.43333)x433.62
.@glue(@leftskip) 21.68121
.@hbox(0.0+0.0)x0.0
.@texttt g
.@texttt c
.@texttt c
.etc.

[12pdfTeX warning (ext4): destination with the same identifier (name{Compiling\
040TestTone\040and\040TestDevices\040on\040Linux}) has been already used, dupli
cate ignored

\onepageout ...\ewbot \hfil \ewbot }}\egroup \fi }
                                                  }\advancepageno \ifnum \ou...
<output> {\onepageout {\pagecontents \PAGE }
                                            }
<to be read again> 
                   \vskip 
\smallskip ->\vskip 
                    \smallskipamount 
\smallbreak ...ovelastskip \penalty -50\smallskip 
                                                  \fi \fi 
\item ...no by 1 {\let \par =\endgraf \smallbreak 
                                                  }{\ifnum \lastpenalty <100...
l.324 @item
            Finally, move the binaries you just compiled to the path where M...
]
Underfull \hbox (badness 10000) in paragraph at lines 324--327
 @textrm ex-pects to find them (i.e. @texttt ~/matlab/mataa/TestTone/LINUX_X86-
32[]@textrm ,

@hbox(8.2125+2.73749)x433.62, glue set 5.99348
.@glue(@leftskip) 21.68121
.@textrm e
.@textrm x
.@discretionary
..@textrm -
.@textrm p
.etc.


Underfull \hbox (badness 7595) in paragraph at lines 324--327
 @texttt ~/matlab/mataa/TestTone/LINUX_X86-64[] @textrm or @texttt ~/matlab/mat
aa/TestTone/LINUX_

@hbox(7.60416+1.04173)x433.62, glue set 4.23607
.@glue(@leftskip) 21.68121
.@texttt ~
.@texttt /
.@texttt m
.@texttt a
.etc.

)
texinfo.tex: doing @include of MATAA_manual_working.texi

 (./MATAA_manual_working.texi Chapter 3 [13])
texinfo.tex: doing @include of MATAA_manual_calibration.texi

 (./MATAA_manual_calibration.texi Chapter 4 [14])
texinfo.tex: doing @include of MATAA_manual_tools.texi

 (./MATAA_manual_tools.texi Chapter 5 [15] [16] [17] [18]
[19]
Missing character: There is no â in font cmr10!
Missing character: There is no € in font cmr10!
Missing character: There is no “ in font cmr10!
 [20] [21] [22] [23] [24] [25] [26] [27] [28] [29] [30] [31] [32]
Overfull \hbox (76.05469pt too wide) in paragraph at lines 683--686
[]@textrm The method is based on the ideas of Siegfried Linkwitz (see http://ww
w.linkwitzlab.com/frontiers[]2.htm#M|

@hbox(8.2125+2.73749)x433.62, glue set - 1.0
.@hbox(0.0+0.0)x0.0
.@textrm T
.@textrm h
.@textrm e
.@glue 3.65 plus 1.825 minus 1.21666
.etc.

[33]
Overfull \hbox (9.87344pt too wide) in paragraph at lines 727--729
[]@textrm NOTE 2: There ex-ist dif-fer-ent def-i-ni-tions of THD (see e.g. http
://en.wikipedia.org/wiki/THD|

@hbox(8.2125+2.73749)x433.62, glue set - 1.0
.@hbox(0.0+0.0)x0.0
.@textrm N
.@textrm O
.@textrm T
.@textrm E
.etc.

[34] [35] [36] [37]
Overfull \hbox (90.24208pt too wide) in paragraph at lines 877--879
@textrm (see http://en.wikipedia.org/wiki/Minimum[]phase#Relationship[]of[]magn
itude[]response[]to[]phase[]response).|

@hbox(8.2125+2.73749)x433.62, glue set - 1.0
.@textrm (
.@textrm s
.@textrm e
.@textrm e
.@glue 3.65 plus 1.825 minus 1.21666
.etc.


Underfull \hbox (badness 10000) in paragraph at lines 877--879


@hbox(0.0+0.0)x433.62
.@penalty -10000
.@glue(@rightskip) 0.0

[38] [39] [40] [41] [42] [43] [44] [45] [46] [47] [48] [49] [50] [51] [52]
[53] [54]
Overfull \hbox (175.83957pt too wide) in paragraph at lines 1649--1653
[]@textrm - pink noise gen-er-a-tion: http://www.mathworks.com/matlabcentral/fi
leexchange/loadFile.do?objectId=5091&objectkind=FILE|

@hbox(8.2125+2.73749)x433.62, glue set - 1.0
.@hbox(0.0+0.0)x0.0
.@textrm -
.@discretionary
.@glue 3.65 plus 1.825 minus 1.21666
.@textrm p
.etc.


Underfull \hbox (badness 10000) in paragraph at lines 1649--1653


@hbox(0.0+0.0)x433.62
.@penalty -10000
.@glue(@rightskip) 0.0

[55] [56] [57]
Overfull \hbox (46.3882pt too wide) in paragraph at lines 1786--1796
[]@textrm The fol-low-ing win-dow func-tions are avail-able (see e.g. http://en
.wikipedia.org/wiki/Window[]function|

@hbox(8.2125+2.73749)x433.62, glue set - 1.0
.@hbox(0.0+0.0)x0.0
.@textrm T
.@textrm h
.@textrm e
.@glue 3.65 plus 1.825 minus 1.21666
.etc.

[58] [59] [60])
texinfo.tex: doing @include of MATAA_manual_MatOctPrimer.texi

 (./MATAA_manual_MatOctPrimer.texi Chapter 6 [61]
Missing character: There is no Ê in font cmr10!

Overfull \hbox (34.82065pt too wide) in paragraph at lines 35--36
 []@textrm Finally, Wikipedia has nice pages on both MAT-LAB (http://en.wikiped
ia.org/wiki/MATLAB)|

@hbox(8.2125+2.73749)x433.62, glue set - 1.0
.@glue(@leftskip) 21.68121
.@hbox(4.86667+0.0)x0.0, glue set - 12.70244fil
..@glue 0.0 plus 1.0fil minus 1.0fil
..@mathon
..@textsy ^^O
..@mathoff
..@kern 7.22743
.@textrm F
.@textrm i
.@textrm n
.etc.

[62])
texinfo.tex: doing @include of MATAA_manual_licenses.texi

 (./MATAA_manual_licenses.texi Appendix A [63] [64] [65] [66] [67]
[68] [69] [70] [71] [72] [73] [74]) (Concept index) [75] (./MATAA_manual.cps)
(MATAA tools index) [76]
Overfull \vbox (33.91702pt too high) has occurred while \output is active
\vbox(643.2+0.0)x433.62, glue set - 1.0
.\glue(\topskip) 24.00002
.\vbox(11.99998+3.35999)x433.62
..\hbox(11.99998+3.35999)x433.62, glue set 310.5808fil
...\hbox(0.0+0.0)x0.0
...\chaprm C
...\chaprm o
...\chaprm n
...\chaprm c
...etc.
.\penalty 10000
.\glue 12.0 plus 4.0 minus 4.0
.\penalty 10000
.etc.


[77] (./MATAA_manual.fns) [78] ) 
Here is how much of TeX's memory you used:
 2526 strings out of 494680
 34874 string characters out of 6149418
 114411 words of memory out of 5000000
 3824 multiletter control sequences out of 15000+600000
 32127 words of font info for 112 fonts, out of 8000000 for 9000
 1457 hyphenation exceptions out of 8191
 15i,6n,16p,1690b,806s stack positions out of 5000i,500n,10000p,200000b,80000s
pdfTeX warning (dest): name{Impedance\040measur
ement} has been referenced but does not exist, replaced by a fixed one

pdfTeX warning (dest): name{Data\040calibration} has been referenced but does n
ot exist, replaced by a fixed one

</usr/local/texlive/2014/texmf-dist/fonts/type1/public/amsfonts/cm/cmbx12.pfb><
/usr/local/texlive/2014/texmf-dist/fonts/type1/public/amsfonts/cm/cmcsc10.pfb><
/usr/local/texlive/2014/texmf-dist/fonts/type1/public/amsfonts/cm/cmmi10.pfb></
usr/local/texlive/2014/texmf-dist/fonts/type1/public/amsfonts/cm/cmmi12.pfb></u
sr/local/texlive/2014/texmf-dist/fonts/type1/public/amsfonts/cm/cmmi9.pfb></usr
/local/texlive/2014/texmf-dist/fonts/type1/public/amsfonts/cm/cmr10.pfb></usr/l
ocal/texlive/2014/texmf-dist/fonts/type1/public/amsfonts/cm/cmr9.pfb></usr/loca
l/texlive/2014/texmf-dist/fonts/type1/public/amsfonts/cm/cmsl10.pfb></usr/local
/texlive/2014/texmf-dist/fonts/type1/public/amsfonts/cm/cmsltt10.pfb></usr/loca
l/texlive/2014/texmf-dist/fonts/type1/public/amsfonts/cm/cmsy10.pfb></usr/local
/texlive/2014/texmf-dist/fonts/type1/public/amsfonts/cm/cmti10.pfb></usr/local/
texlive/2014/texmf-dist/fonts/type1/public/amsfonts/cm/cmtt10.pfb></usr/local/t
exlive/2014/texmf-dist/fonts/type1/public/amsfonts/cm/cmtt12.pfb></usr/local/te
xlive/2014/texmf-dist/fonts/type1/public/amsfonts/cm/cmtt9.pfb>
Output written on MATAA_manual.pdf (83 pages, 1120703 bytes).
PDF statistics:
 1309 PDF objects out of 1440 (max. 8388607)
 1121 compressed objects within 12 object streams
 185 named destinations out of 1000 (max. 500000)
 817 words of extra memory for PDF output out of 10000 (max. 10000000)

